2023-05-14 21:12:03,532 repeaters INFO: [Session ID: 1f703cab-dfe6-454f-b017-b000099517d5] created
2023-05-14 21:12:03,539 repeaters INFO: [Session ID: 1f703cab-dfe6-454f-b017-b000099517d5] Starting the application...
2023-05-14 21:12:03,542 repeaters INFO: Created database sqlite:///app.db
2023-05-14 21:12:03,542 repeaters INFO: [Session ID: {session_id}] Importing data...
2023-05-14 21:12:04,301 repeaters INFO: [Session ID: 1f703cab-dfe6-454f-b017-b000099517d5] First import succedded
2023-05-14 21:12:14,431 repeaters INFO: [Session ID: 750a898f-0f56-443d-84ff-65ba51886808] created
2023-05-14 21:12:14,438 repeaters INFO: [Session ID: 750a898f-0f56-443d-84ff-65ba51886808] Starting the application...
2023-05-14 21:12:14,440 repeaters INFO: [Session ID: 750a898f-0f56-443d-84ff-65ba51886808] Importing data...
2023-05-14 21:12:15,267 repeaters INFO: [Session ID: 750a898f-0f56-443d-84ff-65ba51886808] First import succedded
2023-05-14 21:14:08,381 repeaters INFO: [Session ID: 0edf7aab-cb23-4799-82a5-46e4fa41a323] created
2023-05-14 21:14:08,388 repeaters INFO: [Session ID: 0edf7aab-cb23-4799-82a5-46e4fa41a323] Starting the application...
2023-05-14 21:14:08,389 repeaters INFO: [Session ID: 0edf7aab-cb23-4799-82a5-46e4fa41a323] Importing data...
2023-05-14 21:14:09,284 repeaters INFO: [Session ID: 0edf7aab-cb23-4799-82a5-46e4fa41a323] First import succedded
2023-05-14 21:14:35,528 repeaters INFO: [Session ID: fb5b434a-006f-4645-96a5-ac6aecdba832] created
2023-05-14 21:14:35,534 repeaters INFO: [Session ID: fb5b434a-006f-4645-96a5-ac6aecdba832] Starting the application...
2023-05-14 21:14:35,536 repeaters INFO: [Session ID: fb5b434a-006f-4645-96a5-ac6aecdba832] Importing data...
2023-05-14 21:14:36,404 repeaters INFO: [Session ID: fb5b434a-006f-4645-96a5-ac6aecdba832] First import succedded
2023-05-14 21:15:21,409 repeaters INFO: [Session ID: 0b84371f-850d-4d68-b6ff-9ac64f00ceaf] created
2023-05-14 21:16:19,511 repeaters INFO: [Session ID: 4086f428-9c80-4933-9674-1dcec97d8f84] created
2023-05-14 21:16:19,518 repeaters INFO: [Session ID: 4086f428-9c80-4933-9674-1dcec97d8f84] Starting the application...
2023-05-14 21:16:19,520 repeaters INFO: [Session ID: 4086f428-9c80-4933-9674-1dcec97d8f84] Importing data...
2023-05-14 21:16:20,452 repeaters INFO: [Session ID: 4086f428-9c80-4933-9674-1dcec97d8f84] First import succedded
2023-05-14 21:16:21,666 repeaters INFO: [Session ID: b802cff4-268d-4c86-a671-c84e134e8e08] created
2023-05-14 21:16:21,672 repeaters INFO: [Session ID: b802cff4-268d-4c86-a671-c84e134e8e08] Starting the application...
2023-05-14 21:16:21,674 repeaters INFO: [Session ID: b802cff4-268d-4c86-a671-c84e134e8e08] Importing data...
2023-05-14 21:16:22,464 repeaters INFO: [Session ID: b802cff4-268d-4c86-a671-c84e134e8e08] First import succedded
2023-05-14 21:16:40,967 repeaters INFO: [Session ID: b802cff4-268d-4c86-a671-c84e134e8e08] Index requested
2023-05-14 21:17:57,295 repeaters INFO: [Session ID: 957c17e9-fd11-45a2-a5a3-f4b32ddd1ebb] created
2023-05-14 21:17:57,302 repeaters INFO: [Session ID: 957c17e9-fd11-45a2-a5a3-f4b32ddd1ebb] Starting the application...
2023-05-14 21:17:57,304 repeaters INFO: [Session ID: 957c17e9-fd11-45a2-a5a3-f4b32ddd1ebb] Importing data...
2023-05-14 21:17:58,133 repeaters INFO: [Session ID: 957c17e9-fd11-45a2-a5a3-f4b32ddd1ebb] First import succedded
2023-05-14 21:18:00,945 repeaters INFO: [Session ID: 957c17e9-fd11-45a2-a5a3-f4b32ddd1ebb] Index requested
2023-05-14 21:18:34,685 repeaters INFO: [Session ID: 22bf43ed-d8c8-4a99-a456-44fed46ab33e] created
2023-05-14 21:18:34,692 repeaters INFO: [Session ID: 22bf43ed-d8c8-4a99-a456-44fed46ab33e] Starting the application...
2023-05-14 21:18:34,694 repeaters INFO: [Session ID: 22bf43ed-d8c8-4a99-a456-44fed46ab33e] Importing data...
2023-05-14 21:18:35,447 repeaters INFO: [Session ID: 22bf43ed-d8c8-4a99-a456-44fed46ab33e] First import succedded
2023-05-14 21:18:37,452 repeaters INFO: [Session ID: 7609d232-e47a-47aa-b9d8-69ee6dae8e68] created
2023-05-14 21:18:37,458 repeaters INFO: [Session ID: 7609d232-e47a-47aa-b9d8-69ee6dae8e68] Starting the application...
2023-05-14 21:18:37,460 repeaters INFO: [Session ID: 7609d232-e47a-47aa-b9d8-69ee6dae8e68] Importing data...
2023-05-14 21:18:38,310 repeaters INFO: [Session ID: 7609d232-e47a-47aa-b9d8-69ee6dae8e68] First import succedded
2023-05-14 21:19:26,385 repeaters INFO: [Session ID: 284af3fd-be93-4788-9454-90de70b7cfc7] created
2023-05-14 21:19:26,392 repeaters INFO: [Session ID: 284af3fd-be93-4788-9454-90de70b7cfc7] Starting the application...
2023-05-14 21:19:26,393 repeaters INFO: [Session ID: 284af3fd-be93-4788-9454-90de70b7cfc7] Importing data...
2023-05-14 21:19:27,307 repeaters INFO: [Session ID: 284af3fd-be93-4788-9454-90de70b7cfc7] First import succedded
2023-05-14 21:19:28,055 repeaters INFO: [Session ID: 43b243ce-be5e-44ec-9957-773771ce726c] created
2023-05-14 21:19:28,067 repeaters INFO: [Session ID: 43b243ce-be5e-44ec-9957-773771ce726c] Starting the application...
2023-05-14 21:19:28,070 repeaters INFO: [Session ID: 43b243ce-be5e-44ec-9957-773771ce726c] Importing data...
2023-05-14 21:19:28,949 repeaters INFO: [Session ID: 43b243ce-be5e-44ec-9957-773771ce726c] First import succedded
2023-05-14 21:20:11,535 repeaters INFO: [Session ID: 0e9050a1-9f52-41d9-a373-00ea48479de3] created
2023-05-14 21:20:11,541 repeaters INFO: [Session ID: 0e9050a1-9f52-41d9-a373-00ea48479de3] Starting the application...
2023-05-14 21:20:11,544 repeaters INFO: [Session ID: 0e9050a1-9f52-41d9-a373-00ea48479de3] Importing data...
2023-05-14 21:20:12,333 repeaters INFO: [Session ID: 0e9050a1-9f52-41d9-a373-00ea48479de3] First import succedded
2023-05-14 21:20:29,538 repeaters INFO: [Session ID: e9b31ae3-2fae-4082-8112-9bf854f3f6c8] created
2023-05-14 21:20:29,547 repeaters INFO: [Session ID: e9b31ae3-2fae-4082-8112-9bf854f3f6c8] Starting the application...
2023-05-14 21:20:29,549 repeaters INFO: [Session ID: e9b31ae3-2fae-4082-8112-9bf854f3f6c8] Importing data...
2023-05-14 21:20:30,390 repeaters INFO: [Session ID: e9b31ae3-2fae-4082-8112-9bf854f3f6c8] First import succedded
2023-05-14 21:20:42,406 repeaters INFO: [Session ID: 3bd9e286-62ea-4245-84aa-3db9e52ce3dc] created
2023-05-14 21:20:42,412 repeaters INFO: [Session ID: 3bd9e286-62ea-4245-84aa-3db9e52ce3dc] Starting the application...
2023-05-14 21:20:42,413 repeaters INFO: [Session ID: 3bd9e286-62ea-4245-84aa-3db9e52ce3dc] Importing data...
2023-05-14 21:20:43,203 repeaters INFO: [Session ID: 3bd9e286-62ea-4245-84aa-3db9e52ce3dc] First import succedded
2023-05-14 21:20:47,130 repeaters INFO: [Session ID: 3bd9e286-62ea-4245-84aa-3db9e52ce3dc] Index requested
2023-05-14 21:21:24,426 repeaters INFO: [Session ID: 9ab3a468-f7ae-45f6-921d-a12d02803baa] created
2023-05-14 21:21:24,436 repeaters INFO: [Session ID: 9ab3a468-f7ae-45f6-921d-a12d02803baa] Starting the application...
2023-05-14 21:21:24,443 repeaters INFO: [Session ID: 9ab3a468-f7ae-45f6-921d-a12d02803baa] Importing data...
2023-05-14 21:21:25,253 repeaters INFO: [Session ID: 9ab3a468-f7ae-45f6-921d-a12d02803baa] First import succedded
2023-05-14 21:21:28,985 repeaters INFO: [Session ID: 048859e2-87d7-4402-839e-1a672282fe06] created
2023-05-14 21:21:28,991 repeaters INFO: [Session ID: 048859e2-87d7-4402-839e-1a672282fe06] Starting the application...
2023-05-14 21:21:28,993 repeaters INFO: [Session ID: 048859e2-87d7-4402-839e-1a672282fe06] Importing data...
2023-05-14 21:21:29,787 repeaters INFO: [Session ID: 048859e2-87d7-4402-839e-1a672282fe06] First import succedded
2023-05-14 21:21:31,995 repeaters INFO: [Session ID: 3e38ee99-b747-4cc0-ae55-8deb46ca88a0] created
2023-05-14 21:21:32,009 repeaters INFO: [Session ID: 3e38ee99-b747-4cc0-ae55-8deb46ca88a0] Starting the application...
2023-05-14 21:21:32,011 repeaters INFO: [Session ID: 3e38ee99-b747-4cc0-ae55-8deb46ca88a0] Importing data...
2023-05-14 21:21:32,864 repeaters INFO: [Session ID: 3e38ee99-b747-4cc0-ae55-8deb46ca88a0] First import succedded
2023-05-14 21:21:34,697 repeaters INFO: [Session ID: 3e38ee99-b747-4cc0-ae55-8deb46ca88a0] Index requested
2023-05-14 21:21:57,250 repeaters INFO: [Session ID: b71549bb-024f-4fb9-b266-d4f572a0e851] created
2023-05-14 21:21:57,257 repeaters INFO: [Session ID: b71549bb-024f-4fb9-b266-d4f572a0e851] Starting the application...
2023-05-14 21:21:57,260 repeaters INFO: [Session ID: b71549bb-024f-4fb9-b266-d4f572a0e851] Importing data...
2023-05-14 21:21:58,109 repeaters INFO: [Session ID: b71549bb-024f-4fb9-b266-d4f572a0e851] First import succedded
2023-05-14 21:22:02,862 repeaters INFO: [Session ID: 33843371-2821-4ff7-b36d-2a19e52e8cbd] created
2023-05-14 21:22:02,868 repeaters INFO: [Session ID: 33843371-2821-4ff7-b36d-2a19e52e8cbd] Starting the application...
2023-05-14 21:22:02,869 repeaters INFO: [Session ID: 33843371-2821-4ff7-b36d-2a19e52e8cbd] Importing data...
2023-05-14 21:22:03,676 repeaters INFO: [Session ID: 33843371-2821-4ff7-b36d-2a19e52e8cbd] First import succedded
2023-05-14 21:22:06,491 repeaters INFO: [Session ID: 33843371-2821-4ff7-b36d-2a19e52e8cbd] Index requested
2023-05-14 21:22:12,871 repeaters INFO: [Session ID: 33843371-2821-4ff7-b36d-2a19e52e8cbd] Data requested
2023-05-14 21:22:14,678 repeaters INFO: [Session ID: 33843371-2821-4ff7-b36d-2a19e52e8cbd] Data requested
2023-05-14 21:22:15,545 repeaters INFO: [Session ID: 33843371-2821-4ff7-b36d-2a19e52e8cbd] Data requested
2023-05-14 21:22:15,935 repeaters INFO: [Session ID: 33843371-2821-4ff7-b36d-2a19e52e8cbd] Data requested
2023-05-14 21:22:16,255 repeaters INFO: [Session ID: 33843371-2821-4ff7-b36d-2a19e52e8cbd] Data requested
2023-05-14 21:22:17,479 repeaters INFO: [Session ID: 33843371-2821-4ff7-b36d-2a19e52e8cbd] Data requested
2023-05-14 21:22:18,269 repeaters INFO: [Session ID: 33843371-2821-4ff7-b36d-2a19e52e8cbd] Data requested
2023-05-14 21:22:19,213 repeaters INFO: [Session ID: 33843371-2821-4ff7-b36d-2a19e52e8cbd] Data requested
